2025-01-06 09:02:14.338 -06:00 [INF] UpdateAll()
Updating these projects...:
	
		[
  "/home/nick/Desktop/projects/personal/code-mechanic/CodeMechanic.Async/CodeMechanic.Async.csproj",
  "/home/nick/Desktop/projects/personal/code-mechanic/CodeMechanic.Sharpify.Daemon/CodeMechanic.Sharpify.Daemon.csproj",
  "/home/nick/Desktop/projects/personal/code-mechanic/CodeMechanic.DataDictionary/CodeMechanic.DataDictionary.csproj"
]
2025-01-06 09:03:14.965 -06:00 [INF] UpdateAll()
Updating these projects...:
	
		[
  "/home/nick/Desktop/projects/personal/code-mechanic/CodeMechanic.Async/CodeMechanic.Async.csproj",
  "/home/nick/Desktop/projects/personal/code-mechanic/CodeMechanic.Sharpify.Daemon/CodeMechanic.Sharpify.Daemon.csproj",
  "/home/nick/Desktop/projects/personal/code-mechanic/CodeMechanic.DataDictionary/CodeMechanic.DataDictionary.csproj"
]
2025-01-06 09:03:41.197 -06:00 [INF] UpdateAll()
Updating these projects...:
	
		[
  "/home/nick/Desktop/projects/personal/code-mechanic/CodeMechanic.Async/CodeMechanic.Async.csproj",
  "/home/nick/Desktop/projects/personal/code-mechanic/CodeMechanic.Sharpify.Daemon/CodeMechanic.Sharpify.Daemon.csproj",
  "/home/nick/Desktop/projects/personal/code-mechanic/CodeMechanic.DataDictionary/CodeMechanic.DataDictionary.csproj"
]
2025-01-06 09:04:02.454 -06:00 [INF] UpdateAll()
Updating these projects...:
	
		[
  "/home/nick/Desktop/projects/personal/code-mechanic/CodeMechanic.Async/CodeMechanic.Async.csproj",
  "/home/nick/Desktop/projects/personal/code-mechanic/CodeMechanic.Sharpify.Daemon/CodeMechanic.Sharpify.Daemon.csproj",
  "/home/nick/Desktop/projects/personal/code-mechanic/CodeMechanic.DataDictionary/CodeMechanic.DataDictionary.csproj"
]
